<?xml version="1.0" encoding="UTF-8"?>
<testExecutions version="1">
  <file path="/home/victor-linux/EPS/2021.1-Oraculo-FrontEnd/src/App.test.js">
    <testCase name="renders learn react link" duration="53"/>
  </file>
</testExecutions>